2017-04-26 13:58:55.677  INFO 17034 --- [main] com.cmcc.App                             : Starting App on zmccdeMacBook-Pro.local with PID 17034 (/Users/zmcc/git/spring/http2/target/classes started by zmcc in /Users/zmcc/git/spring)
2017-04-26 13:58:55.686  INFO 17034 --- [main] com.cmcc.App                             : No active profile set, falling back to default profiles: default
2017-04-26 13:58:55.801  INFO 17034 --- [main] ationConfigEmbeddedWebApplicationContext : Refreshing org.springframework.boot.context.embedded.AnnotationConfigEmbeddedWebApplicationContext@641147d0: startup date [Wed Apr 26 13:58:55 CST 2017]; root of context hierarchy
2017-04-26 13:58:57.723  INFO 17034 --- [main] org.xnio                                 : XNIO version 3.3.6.Final
2017-04-26 13:58:57.742  INFO 17034 --- [main] org.xnio.nio                             : XNIO NIO Implementation Version 3.3.6.Final
2017-04-26 13:58:57.852  WARN 17034 --- [main] io.undertow.websockets.jsr               : UT026009: XNIO worker was not set on WebSocketDeploymentInfo, the default worker will be used
2017-04-26 13:58:57.852  WARN 17034 --- [main] io.undertow.websockets.jsr               : UT026010: Buffer pool was not set on WebSocketDeploymentInfo, the default pool will be used
2017-04-26 13:58:57.873  INFO 17034 --- [main] io.undertow.servlet                      : Initializing Spring embedded WebApplicationContext
2017-04-26 13:58:57.876  INFO 17034 --- [main] o.s.web.context.ContextLoader            : Root WebApplicationContext: initialization completed in 2083 ms
2017-04-26 13:58:58.040  INFO 17034 --- [main] o.s.b.w.servlet.ServletRegistrationBean  : Mapping servlet: 'dispatcherServlet' to [/]
2017-04-26 13:58:58.047  INFO 17034 --- [main] o.s.b.w.servlet.FilterRegistrationBean   : Mapping filter: 'characterEncodingFilter' to: [/*]
2017-04-26 13:58:58.048  INFO 17034 --- [main] o.s.b.w.servlet.FilterRegistrationBean   : Mapping filter: 'hiddenHttpMethodFilter' to: [/*]
2017-04-26 13:58:58.048  INFO 17034 --- [main] o.s.b.w.servlet.FilterRegistrationBean   : Mapping filter: 'httpPutFormContentFilter' to: [/*]
2017-04-26 13:58:58.049  INFO 17034 --- [main] o.s.b.w.servlet.FilterRegistrationBean   : Mapping filter: 'requestContextFilter' to: [/*]
2017-04-26 13:58:58.852  INFO 17034 --- [main] s.w.s.m.m.a.RequestMappingHandlerAdapter : Looking for @ControllerAdvice: org.springframework.boot.context.embedded.AnnotationConfigEmbeddedWebApplicationContext@641147d0: startup date [Wed Apr 26 13:58:55 CST 2017]; root of context hierarchy
2017-04-26 13:58:58.950  INFO 17034 --- [main] s.w.s.m.m.a.RequestMappingHandlerMapping : Mapped "{[/]}" onto public java.lang.String com.cmcc.controller.HttpController.returnByHttp2()
2017-04-26 13:58:58.954  INFO 17034 --- [main] s.w.s.m.m.a.RequestMappingHandlerMapping : Mapped "{[/error]}" onto public org.springframework.http.ResponseEntity<java.util.Map<java.lang.String, java.lang.Object>> org.springframework.boot.autoconfigure.web.BasicErrorController.error(javax.servlet.http.HttpServletRequest)
2017-04-26 13:58:58.959  INFO 17034 --- [main] s.w.s.m.m.a.RequestMappingHandlerMapping : Mapped "{[/error],produces=[text/html]}" onto public org.springframework.web.servlet.ModelAndView org.springframework.boot.autoconfigure.web.BasicErrorController.errorHtml(javax.servlet.http.HttpServletRequest,javax.servlet.http.HttpServletResponse)
2017-04-26 13:58:59.005  INFO 17034 --- [main] o.s.w.s.handler.SimpleUrlHandlerMapping  : Mapped URL path [/webjars/**] onto handler of type [class org.springframework.web.servlet.resource.ResourceHttpRequestHandler]
2017-04-26 13:58:59.006  INFO 17034 --- [main] o.s.w.s.handler.SimpleUrlHandlerMapping  : Mapped URL path [/**] onto handler of type [class org.springframework.web.servlet.resource.ResourceHttpRequestHandler]
2017-04-26 13:58:59.055  INFO 17034 --- [main] o.s.w.s.handler.SimpleUrlHandlerMapping  : Mapped URL path [/**/favicon.ico] onto handler of type [class org.springframework.web.servlet.resource.ResourceHttpRequestHandler]
2017-04-26 13:58:59.295  INFO 17034 --- [main] o.s.j.e.a.AnnotationMBeanExporter        : Registering beans for JMX exposure on startup
2017-04-26 13:58:59.396  INFO 17034 --- [main] b.c.e.u.UndertowEmbeddedServletContainer : Undertow started on port(s) 8443 (https)
2017-04-26 13:58:59.402  INFO 17034 --- [main] com.cmcc.App                             : Started App in 4.433 seconds (JVM running for 5.089)
2017-04-26 14:00:43.977  INFO 17034 --- [Thread-2] ationConfigEmbeddedWebApplicationContext : Closing org.springframework.boot.context.embedded.AnnotationConfigEmbeddedWebApplicationContext@641147d0: startup date [Wed Apr 26 13:58:55 CST 2017]; root of context hierarchy
2017-04-26 14:00:43.981  INFO 17034 --- [Thread-2] o.s.j.e.a.AnnotationMBeanExporter        : Unregistering JMX-exposed beans on shutdown
2017-04-26 14:01:00.534  INFO 17126 --- [main] com.cmcc.App                             : Starting App on zmccdeMacBook-Pro.local with PID 17126 (/Users/zmcc/git/spring/http2/target/classes started by zmcc in /Users/zmcc/git/spring)
2017-04-26 14:01:00.540  INFO 17126 --- [main] com.cmcc.App                             : No active profile set, falling back to default profiles: default
2017-04-26 14:01:00.712  INFO 17126 --- [main] ationConfigEmbeddedWebApplicationContext : Refreshing org.springframework.boot.context.embedded.AnnotationConfigEmbeddedWebApplicationContext@641147d0: startup date [Wed Apr 26 14:01:00 CST 2017]; root of context hierarchy
2017-04-26 14:01:02.514  INFO 17126 --- [main] org.xnio                                 : XNIO version 3.3.6.Final
2017-04-26 14:01:02.530  INFO 17126 --- [main] org.xnio.nio                             : XNIO NIO Implementation Version 3.3.6.Final
2017-04-26 14:01:02.625  WARN 17126 --- [main] io.undertow.websockets.jsr               : UT026009: XNIO worker was not set on WebSocketDeploymentInfo, the default worker will be used
2017-04-26 14:01:02.625  WARN 17126 --- [main] io.undertow.websockets.jsr               : UT026010: Buffer pool was not set on WebSocketDeploymentInfo, the default pool will be used
2017-04-26 14:01:02.647  INFO 17126 --- [main] io.undertow.servlet                      : Initializing Spring embedded WebApplicationContext
2017-04-26 14:01:02.647  INFO 17126 --- [main] o.s.web.context.ContextLoader            : Root WebApplicationContext: initialization completed in 1943 ms
2017-04-26 14:01:02.813  INFO 17126 --- [main] o.s.b.w.servlet.ServletRegistrationBean  : Mapping servlet: 'dispatcherServlet' to [/]
2017-04-26 14:01:02.820  INFO 17126 --- [main] o.s.b.w.servlet.FilterRegistrationBean   : Mapping filter: 'characterEncodingFilter' to: [/*]
2017-04-26 14:01:02.822  INFO 17126 --- [main] o.s.b.w.servlet.FilterRegistrationBean   : Mapping filter: 'hiddenHttpMethodFilter' to: [/*]
2017-04-26 14:01:02.822  INFO 17126 --- [main] o.s.b.w.servlet.FilterRegistrationBean   : Mapping filter: 'httpPutFormContentFilter' to: [/*]
2017-04-26 14:01:02.822  INFO 17126 --- [main] o.s.b.w.servlet.FilterRegistrationBean   : Mapping filter: 'requestContextFilter' to: [/*]
2017-04-26 14:01:03.004  WARN 17126 --- [main] ationConfigEmbeddedWebApplicationContext : Exception encountered during context initialization - cancelling refresh attempt: org.springframework.context.ApplicationContextException: Unable to start embedded container; nested exception is java.lang.IllegalStateException: java.io.IOException: Keystore was tampered with, or password was incorrect
2017-04-26 14:01:03.018 ERROR 17126 --- [main] o.s.boot.SpringApplication               : Application startup failed

org.springframework.context.ApplicationContextException: Unable to start embedded container; nested exception is java.lang.IllegalStateException: java.io.IOException: Keystore was tampered with, or password was incorrect
	at org.springframework.boot.context.embedded.EmbeddedWebApplicationContext.onRefresh(EmbeddedWebApplicationContext.java:137) ~[spring-boot-1.5.3.RELEASE.jar:1.5.3.RELEASE]
	at org.springframework.context.support.AbstractApplicationContext.refresh(AbstractApplicationContext.java:536) ~[spring-context-4.3.8.RELEASE.jar:4.3.8.RELEASE]
	at org.springframework.boot.context.embedded.EmbeddedWebApplicationContext.refresh(EmbeddedWebApplicationContext.java:122) ~[spring-boot-1.5.3.RELEASE.jar:1.5.3.RELEASE]
	at org.springframework.boot.SpringApplication.refresh(SpringApplication.java:737) [spring-boot-1.5.3.RELEASE.jar:1.5.3.RELEASE]
	at org.springframework.boot.SpringApplication.refreshContext(SpringApplication.java:370) [spring-boot-1.5.3.RELEASE.jar:1.5.3.RELEASE]
	at org.springframework.boot.SpringApplication.run(SpringApplication.java:314) [spring-boot-1.5.3.RELEASE.jar:1.5.3.RELEASE]
	at org.springframework.boot.SpringApplication.run(SpringApplication.java:1162) [spring-boot-1.5.3.RELEASE.jar:1.5.3.RELEASE]
	at org.springframework.boot.SpringApplication.run(SpringApplication.java:1151) [spring-boot-1.5.3.RELEASE.jar:1.5.3.RELEASE]
	at com.cmcc.App.main(App.java:13) [classes/:na]
	at sun.reflect.NativeMethodAccessorImpl.invoke0(Native Method) ~[na:1.8.0_131]
	at sun.reflect.NativeMethodAccessorImpl.invoke(NativeMethodAccessorImpl.java:62) ~[na:1.8.0_131]
	at sun.reflect.DelegatingMethodAccessorImpl.invoke(DelegatingMethodAccessorImpl.java:43) ~[na:1.8.0_131]
	at java.lang.reflect.Method.invoke(Method.java:498) ~[na:1.8.0_131]
	at com.intellij.rt.execution.application.AppMain.main(AppMain.java:144) [idea_rt.jar:na]
Caused by: java.lang.IllegalStateException: java.io.IOException: Keystore was tampered with, or password was incorrect
	at org.springframework.boot.context.embedded.undertow.UndertowEmbeddedServletContainerFactory.getKeyManagers(UndertowEmbeddedServletContainerFactory.java:324) ~[spring-boot-1.5.3.RELEASE.jar:1.5.3.RELEASE]
	at org.springframework.boot.context.embedded.undertow.UndertowEmbeddedServletContainerFactory.configureSsl(UndertowEmbeddedServletContainerFactory.java:270) ~[spring-boot-1.5.3.RELEASE.jar:1.5.3.RELEASE]
	at org.springframework.boot.context.embedded.undertow.UndertowEmbeddedServletContainerFactory.createBuilder(UndertowEmbeddedServletContainerFactory.java:256) ~[spring-boot-1.5.3.RELEASE.jar:1.5.3.RELEASE]
	at org.springframework.boot.context.embedded.undertow.UndertowEmbeddedServletContainerFactory.getEmbeddedServletContainer(UndertowEmbeddedServletContainerFactory.java:237) ~[spring-boot-1.5.3.RELEASE.jar:1.5.3.RELEASE]
	at org.springframework.boot.context.embedded.EmbeddedWebApplicationContext.createEmbeddedServletContainer(EmbeddedWebApplicationContext.java:164) ~[spring-boot-1.5.3.RELEASE.jar:1.5.3.RELEASE]
	at org.springframework.boot.context.embedded.EmbeddedWebApplicationContext.onRefresh(EmbeddedWebApplicationContext.java:134) ~[spring-boot-1.5.3.RELEASE.jar:1.5.3.RELEASE]
	... 13 common frames omitted
Caused by: java.io.IOException: Keystore was tampered with, or password was incorrect
	at sun.security.provider.JavaKeyStore.engineLoad(JavaKeyStore.java:780) ~[na:1.8.0_131]
	at sun.security.provider.JavaKeyStore$JKS.engineLoad(JavaKeyStore.java:56) ~[na:1.8.0_131]
	at sun.security.provider.KeyStoreDelegator.engineLoad(KeyStoreDelegator.java:224) ~[na:1.8.0_131]
	at sun.security.provider.JavaKeyStore$DualFormatJKS.engineLoad(JavaKeyStore.java:70) ~[na:1.8.0_131]
	at java.security.KeyStore.load(KeyStore.java:1445) ~[na:1.8.0_131]
	at org.springframework.boot.context.embedded.undertow.UndertowEmbeddedServletContainerFactory.loadKeyStore(UndertowEmbeddedServletContainerFactory.java:378) ~[spring-boot-1.5.3.RELEASE.jar:1.5.3.RELEASE]
	at org.springframework.boot.context.embedded.undertow.UndertowEmbeddedServletContainerFactory.getKeyStore(UndertowEmbeddedServletContainerFactory.java:344) ~[spring-boot-1.5.3.RELEASE.jar:1.5.3.RELEASE]
	at org.springframework.boot.context.embedded.undertow.UndertowEmbeddedServletContainerFactory.getKeyManagers(UndertowEmbeddedServletContainerFactory.java:310) ~[spring-boot-1.5.3.RELEASE.jar:1.5.3.RELEASE]
	... 18 common frames omitted
Caused by: java.security.UnrecoverableKeyException: Password verification failed
	at sun.security.provider.JavaKeyStore.engineLoad(JavaKeyStore.java:778) ~[na:1.8.0_131]
	... 25 common frames omitted

2017-04-26 14:01:26.609  INFO 17151 --- [main] com.cmcc.App                             : Starting App on zmccdeMacBook-Pro.local with PID 17151 (/Users/zmcc/git/spring/http2/target/classes started by zmcc in /Users/zmcc/git/spring)
2017-04-26 14:01:26.613  INFO 17151 --- [main] com.cmcc.App                             : No active profile set, falling back to default profiles: default
2017-04-26 14:01:26.742  INFO 17151 --- [main] ationConfigEmbeddedWebApplicationContext : Refreshing org.springframework.boot.context.embedded.AnnotationConfigEmbeddedWebApplicationContext@641147d0: startup date [Wed Apr 26 14:01:26 CST 2017]; root of context hierarchy
2017-04-26 14:01:29.753  INFO 17151 --- [main] org.xnio                                 : XNIO version 3.3.6.Final
2017-04-26 14:01:29.787  INFO 17151 --- [main] org.xnio.nio                             : XNIO NIO Implementation Version 3.3.6.Final
2017-04-26 14:01:29.994  WARN 17151 --- [main] io.undertow.websockets.jsr               : UT026009: XNIO worker was not set on WebSocketDeploymentInfo, the default worker will be used
2017-04-26 14:01:29.996  WARN 17151 --- [main] io.undertow.websockets.jsr               : UT026010: Buffer pool was not set on WebSocketDeploymentInfo, the default pool will be used
2017-04-26 14:01:30.034  INFO 17151 --- [main] io.undertow.servlet                      : Initializing Spring embedded WebApplicationContext
2017-04-26 14:01:30.034  INFO 17151 --- [main] o.s.web.context.ContextLoader            : Root WebApplicationContext: initialization completed in 3298 ms
2017-04-26 14:01:30.192  INFO 17151 --- [main] o.s.b.w.servlet.ServletRegistrationBean  : Mapping servlet: 'dispatcherServlet' to [/]
2017-04-26 14:01:30.200  INFO 17151 --- [main] o.s.b.w.servlet.FilterRegistrationBean   : Mapping filter: 'characterEncodingFilter' to: [/*]
2017-04-26 14:01:30.201  INFO 17151 --- [main] o.s.b.w.servlet.FilterRegistrationBean   : Mapping filter: 'hiddenHttpMethodFilter' to: [/*]
2017-04-26 14:01:30.201  INFO 17151 --- [main] o.s.b.w.servlet.FilterRegistrationBean   : Mapping filter: 'httpPutFormContentFilter' to: [/*]
2017-04-26 14:01:30.202  INFO 17151 --- [main] o.s.b.w.servlet.FilterRegistrationBean   : Mapping filter: 'requestContextFilter' to: [/*]
2017-04-26 14:01:30.993  INFO 17151 --- [main] s.w.s.m.m.a.RequestMappingHandlerAdapter : Looking for @ControllerAdvice: org.springframework.boot.context.embedded.AnnotationConfigEmbeddedWebApplicationContext@641147d0: startup date [Wed Apr 26 14:01:26 CST 2017]; root of context hierarchy
2017-04-26 14:01:31.129  INFO 17151 --- [main] s.w.s.m.m.a.RequestMappingHandlerMapping : Mapped "{[/]}" onto public java.lang.String com.cmcc.controller.HttpController.returnByHttp2()
2017-04-26 14:01:31.133  INFO 17151 --- [main] s.w.s.m.m.a.RequestMappingHandlerMapping : Mapped "{[/error]}" onto public org.springframework.http.ResponseEntity<java.util.Map<java.lang.String, java.lang.Object>> org.springframework.boot.autoconfigure.web.BasicErrorController.error(javax.servlet.http.HttpServletRequest)
2017-04-26 14:01:31.134  INFO 17151 --- [main] s.w.s.m.m.a.RequestMappingHandlerMapping : Mapped "{[/error],produces=[text/html]}" onto public org.springframework.web.servlet.ModelAndView org.springframework.boot.autoconfigure.web.BasicErrorController.errorHtml(javax.servlet.http.HttpServletRequest,javax.servlet.http.HttpServletResponse)
2017-04-26 14:01:31.183  INFO 17151 --- [main] o.s.w.s.handler.SimpleUrlHandlerMapping  : Mapped URL path [/webjars/**] onto handler of type [class org.springframework.web.servlet.resource.ResourceHttpRequestHandler]
2017-04-26 14:01:31.183  INFO 17151 --- [main] o.s.w.s.handler.SimpleUrlHandlerMapping  : Mapped URL path [/**] onto handler of type [class org.springframework.web.servlet.resource.ResourceHttpRequestHandler]
2017-04-26 14:01:31.265  INFO 17151 --- [main] o.s.w.s.handler.SimpleUrlHandlerMapping  : Mapped URL path [/**/favicon.ico] onto handler of type [class org.springframework.web.servlet.resource.ResourceHttpRequestHandler]
2017-04-26 14:01:31.559  INFO 17151 --- [main] o.s.j.e.a.AnnotationMBeanExporter        : Registering beans for JMX exposure on startup
2017-04-26 14:01:31.667  INFO 17151 --- [main] b.c.e.u.UndertowEmbeddedServletContainer : Undertow started on port(s) 8443 (https)
2017-04-26 14:01:31.679  INFO 17151 --- [main] com.cmcc.App                             : Started App in 5.94 seconds (JVM running for 6.687)
2017-04-26 14:03:41.676  INFO 17151 --- [XNIO-2 task-9] io.undertow.servlet                      : Initializing Spring FrameworkServlet 'dispatcherServlet'
2017-04-26 14:03:41.677  INFO 17151 --- [XNIO-2 task-9] o.s.web.servlet.DispatcherServlet        : FrameworkServlet 'dispatcherServlet': initialization started
2017-04-26 14:03:41.691  INFO 17151 --- [XNIO-2 task-9] o.s.web.servlet.DispatcherServlet        : FrameworkServlet 'dispatcherServlet': initialization completed in 14 ms
2017-04-26 14:05:19.507  INFO 17151 --- [Thread-2] ationConfigEmbeddedWebApplicationContext : Closing org.springframework.boot.context.embedded.AnnotationConfigEmbeddedWebApplicationContext@641147d0: startup date [Wed Apr 26 14:01:26 CST 2017]; root of context hierarchy
2017-04-26 14:05:19.512  INFO 17151 --- [Thread-2] o.s.j.e.a.AnnotationMBeanExporter        : Unregistering JMX-exposed beans on shutdown
2017-04-26 14:05:19.521  INFO 17151 --- [Thread-2] io.undertow.servlet                      : Destroying Spring FrameworkServlet 'dispatcherServlet'
2017-04-26 14:05:23.113  INFO 17318 --- [main] com.cmcc.App                             : Starting App on zmccdeMacBook-Pro.local with PID 17318 (/Users/zmcc/git/spring/http2/target/classes started by zmcc in /Users/zmcc/git/spring)
2017-04-26 14:05:23.117  INFO 17318 --- [main] com.cmcc.App                             : No active profile set, falling back to default profiles: default
2017-04-26 14:05:23.310  INFO 17318 --- [main] ationConfigEmbeddedWebApplicationContext : Refreshing org.springframework.boot.context.embedded.AnnotationConfigEmbeddedWebApplicationContext@506ae4d4: startup date [Wed Apr 26 14:05:23 CST 2017]; root of context hierarchy
2017-04-26 14:05:25.378  INFO 17318 --- [main] org.xnio                                 : XNIO version 3.3.6.Final
2017-04-26 14:05:25.398  INFO 17318 --- [main] org.xnio.nio                             : XNIO NIO Implementation Version 3.3.6.Final
2017-04-26 14:05:25.514  WARN 17318 --- [main] io.undertow.websockets.jsr               : UT026009: XNIO worker was not set on WebSocketDeploymentInfo, the default worker will be used
2017-04-26 14:05:25.514  WARN 17318 --- [main] io.undertow.websockets.jsr               : UT026010: Buffer pool was not set on WebSocketDeploymentInfo, the default pool will be used
2017-04-26 14:05:25.539  INFO 17318 --- [main] io.undertow.servlet                      : Initializing Spring embedded WebApplicationContext
2017-04-26 14:05:25.541  INFO 17318 --- [main] o.s.web.context.ContextLoader            : Root WebApplicationContext: initialization completed in 2234 ms
2017-04-26 14:05:25.857  INFO 17318 --- [main] o.s.b.w.servlet.ServletRegistrationBean  : Mapping servlet: 'dispatcherServlet' to [/]
2017-04-26 14:05:25.865  INFO 17318 --- [main] o.s.b.w.servlet.FilterRegistrationBean   : Mapping filter: 'characterEncodingFilter' to: [/*]
2017-04-26 14:05:25.868  INFO 17318 --- [main] o.s.b.w.servlet.FilterRegistrationBean   : Mapping filter: 'hiddenHttpMethodFilter' to: [/*]
2017-04-26 14:05:25.869  INFO 17318 --- [main] o.s.b.w.servlet.FilterRegistrationBean   : Mapping filter: 'httpPutFormContentFilter' to: [/*]
2017-04-26 14:05:25.869  INFO 17318 --- [main] o.s.b.w.servlet.FilterRegistrationBean   : Mapping filter: 'requestContextFilter' to: [/*]
2017-04-26 14:05:26.749  INFO 17318 --- [main] s.w.s.m.m.a.RequestMappingHandlerAdapter : Looking for @ControllerAdvice: org.springframework.boot.context.embedded.AnnotationConfigEmbeddedWebApplicationContext@506ae4d4: startup date [Wed Apr 26 14:05:23 CST 2017]; root of context hierarchy
2017-04-26 14:05:26.930  INFO 17318 --- [main] s.w.s.m.m.a.RequestMappingHandlerMapping : Mapped "{[/]}" onto public java.lang.String com.cmcc.controller.HttpController.returnByHttp2()
2017-04-26 14:05:26.944  INFO 17318 --- [main] s.w.s.m.m.a.RequestMappingHandlerMapping : Mapped "{[/error]}" onto public org.springframework.http.ResponseEntity<java.util.Map<java.lang.String, java.lang.Object>> org.springframework.boot.autoconfigure.web.BasicErrorController.error(javax.servlet.http.HttpServletRequest)
2017-04-26 14:05:26.945  INFO 17318 --- [main] s.w.s.m.m.a.RequestMappingHandlerMapping : Mapped "{[/error],produces=[text/html]}" onto public org.springframework.web.servlet.ModelAndView org.springframework.boot.autoconfigure.web.BasicErrorController.errorHtml(javax.servlet.http.HttpServletRequest,javax.servlet.http.HttpServletResponse)
2017-04-26 14:05:27.060  INFO 17318 --- [main] o.s.w.s.handler.SimpleUrlHandlerMapping  : Mapped URL path [/webjars/**] onto handler of type [class org.springframework.web.servlet.resource.ResourceHttpRequestHandler]
2017-04-26 14:05:27.060  INFO 17318 --- [main] o.s.w.s.handler.SimpleUrlHandlerMapping  : Mapped URL path [/**] onto handler of type [class org.springframework.web.servlet.resource.ResourceHttpRequestHandler]
2017-04-26 14:05:27.165  INFO 17318 --- [main] o.s.w.s.handler.SimpleUrlHandlerMapping  : Mapped URL path [/**/favicon.ico] onto handler of type [class org.springframework.web.servlet.resource.ResourceHttpRequestHandler]
2017-04-26 14:05:27.844  INFO 17318 --- [main] o.s.j.e.a.AnnotationMBeanExporter        : Registering beans for JMX exposure on startup
2017-04-26 14:05:27.962  INFO 17318 --- [main] b.c.e.u.UndertowEmbeddedServletContainer : Undertow started on port(s) 8443 (https)
2017-04-26 14:05:27.971  INFO 17318 --- [main] com.cmcc.App                             : Started App in 6.084 seconds (JVM running for 7.42)
2017-04-26 14:07:47.834  INFO 17318 --- [Thread-2] ationConfigEmbeddedWebApplicationContext : Closing org.springframework.boot.context.embedded.AnnotationConfigEmbeddedWebApplicationContext@506ae4d4: startup date [Wed Apr 26 14:05:23 CST 2017]; root of context hierarchy
2017-04-26 14:07:47.845  INFO 17318 --- [Thread-2] o.s.j.e.a.AnnotationMBeanExporter        : Unregistering JMX-exposed beans on shutdown
2017-04-26 14:07:52.158  INFO 17437 --- [main] com.cmcc.App                             : Starting App on zmccdeMacBook-Pro.local with PID 17437 (/Users/zmcc/git/spring/http2/target/classes started by zmcc in /Users/zmcc/git/spring)
2017-04-26 14:07:52.163  INFO 17437 --- [main] com.cmcc.App                             : No active profile set, falling back to default profiles: default
2017-04-26 14:07:52.336  INFO 17437 --- [main] ationConfigEmbeddedWebApplicationContext : Refreshing org.springframework.boot.context.embedded.AnnotationConfigEmbeddedWebApplicationContext@506ae4d4: startup date [Wed Apr 26 14:07:52 CST 2017]; root of context hierarchy
2017-04-26 14:08:15.031  INFO 17437 --- [main] org.xnio                                 : XNIO version 3.3.6.Final
2017-04-26 14:08:15.054  INFO 17437 --- [main] org.xnio.nio                             : XNIO NIO Implementation Version 3.3.6.Final
2017-04-26 14:08:15.200  WARN 17437 --- [main] io.undertow.websockets.jsr               : UT026009: XNIO worker was not set on WebSocketDeploymentInfo, the default worker will be used
2017-04-26 14:08:15.201  WARN 17437 --- [main] io.undertow.websockets.jsr               : UT026010: Buffer pool was not set on WebSocketDeploymentInfo, the default pool will be used
2017-04-26 14:08:15.228  INFO 17437 --- [main] io.undertow.servlet                      : Initializing Spring embedded WebApplicationContext
2017-04-26 14:08:15.232  INFO 17437 --- [main] o.s.web.context.ContextLoader            : Root WebApplicationContext: initialization completed in 22898 ms
2017-04-26 14:08:15.473  INFO 17437 --- [main] o.s.b.w.servlet.ServletRegistrationBean  : Mapping servlet: 'dispatcherServlet' to [/]
2017-04-26 14:08:15.481  INFO 17437 --- [main] o.s.b.w.servlet.FilterRegistrationBean   : Mapping filter: 'characterEncodingFilter' to: [/*]
2017-04-26 14:08:15.483  INFO 17437 --- [main] o.s.b.w.servlet.FilterRegistrationBean   : Mapping filter: 'hiddenHttpMethodFilter' to: [/*]
2017-04-26 14:08:15.483  INFO 17437 --- [main] o.s.b.w.servlet.FilterRegistrationBean   : Mapping filter: 'httpPutFormContentFilter' to: [/*]
2017-04-26 14:08:15.483  INFO 17437 --- [main] o.s.b.w.servlet.FilterRegistrationBean   : Mapping filter: 'requestContextFilter' to: [/*]
2017-04-26 14:08:18.209  INFO 17437 --- [main] s.w.s.m.m.a.RequestMappingHandlerAdapter : Looking for @ControllerAdvice: org.springframework.boot.context.embedded.AnnotationConfigEmbeddedWebApplicationContext@506ae4d4: startup date [Wed Apr 26 14:07:52 CST 2017]; root of context hierarchy
2017-04-26 14:08:18.300  INFO 17437 --- [main] s.w.s.m.m.a.RequestMappingHandlerMapping : Mapped "{[/]}" onto public java.lang.String com.cmcc.controller.HttpController.returnByHttp2()
2017-04-26 14:08:18.305  INFO 17437 --- [main] s.w.s.m.m.a.RequestMappingHandlerMapping : Mapped "{[/error]}" onto public org.springframework.http.ResponseEntity<java.util.Map<java.lang.String, java.lang.Object>> org.springframework.boot.autoconfigure.web.BasicErrorController.error(javax.servlet.http.HttpServletRequest)
2017-04-26 14:08:18.305  INFO 17437 --- [main] s.w.s.m.m.a.RequestMappingHandlerMapping : Mapped "{[/error],produces=[text/html]}" onto public org.springframework.web.servlet.ModelAndView org.springframework.boot.autoconfigure.web.BasicErrorController.errorHtml(javax.servlet.http.HttpServletRequest,javax.servlet.http.HttpServletResponse)
2017-04-26 14:08:18.355  INFO 17437 --- [main] o.s.w.s.handler.SimpleUrlHandlerMapping  : Mapped URL path [/webjars/**] onto handler of type [class org.springframework.web.servlet.resource.ResourceHttpRequestHandler]
2017-04-26 14:08:18.356  INFO 17437 --- [main] o.s.w.s.handler.SimpleUrlHandlerMapping  : Mapped URL path [/**] onto handler of type [class org.springframework.web.servlet.resource.ResourceHttpRequestHandler]
2017-04-26 14:08:18.424  INFO 17437 --- [main] o.s.w.s.handler.SimpleUrlHandlerMapping  : Mapped URL path [/**/favicon.ico] onto handler of type [class org.springframework.web.servlet.resource.ResourceHttpRequestHandler]
2017-04-26 14:08:18.738  INFO 17437 --- [main] o.s.j.e.a.AnnotationMBeanExporter        : Registering beans for JMX exposure on startup
2017-04-26 14:08:18.838  INFO 17437 --- [main] b.c.e.u.UndertowEmbeddedServletContainer : Undertow started on port(s) 8443 (https)
2017-04-26 14:08:18.844  INFO 17437 --- [main] com.cmcc.App                             : Started App in 27.749 seconds (JVM running for 28.722)
2017-04-26 14:08:24.484  INFO 17437 --- [XNIO-2 task-5] io.undertow.servlet                      : Initializing Spring FrameworkServlet 'dispatcherServlet'
2017-04-26 14:08:24.492  INFO 17437 --- [XNIO-2 task-5] o.s.web.servlet.DispatcherServlet        : FrameworkServlet 'dispatcherServlet': initialization started
2017-04-26 14:08:24.508  INFO 17437 --- [XNIO-2 task-5] o.s.web.servlet.DispatcherServlet        : FrameworkServlet 'dispatcherServlet': initialization completed in 16 ms
2017-04-26 14:18:41.773  INFO 17437 --- [Thread-2] ationConfigEmbeddedWebApplicationContext : Closing org.springframework.boot.context.embedded.AnnotationConfigEmbeddedWebApplicationContext@506ae4d4: startup date [Wed Apr 26 14:07:52 CST 2017]; root of context hierarchy
2017-04-26 14:18:41.789  INFO 17437 --- [Thread-2] o.s.j.e.a.AnnotationMBeanExporter        : Unregistering JMX-exposed beans on shutdown
2017-04-26 14:18:41.796  INFO 17437 --- [Thread-2] io.undertow.servlet                      : Destroying Spring FrameworkServlet 'dispatcherServlet'
2017-04-26 14:18:45.986  INFO 18000 --- [main] com.cmcc.App                             : Starting App on zmccdeMacBook-Pro.local with PID 18000 (/Users/zmcc/git/spring/http2/target/classes started by zmcc in /Users/zmcc/git/spring)
2017-04-26 14:18:45.990  INFO 18000 --- [main] com.cmcc.App                             : No active profile set, falling back to default profiles: default
2017-04-26 14:18:46.137  INFO 18000 --- [main] ationConfigEmbeddedWebApplicationContext : Refreshing org.springframework.boot.context.embedded.AnnotationConfigEmbeddedWebApplicationContext@641147d0: startup date [Wed Apr 26 14:18:46 CST 2017]; root of context hierarchy
2017-04-26 14:18:48.368  INFO 18000 --- [main] org.xnio                                 : XNIO version 3.3.6.Final
2017-04-26 14:18:48.395  INFO 18000 --- [main] org.xnio.nio                             : XNIO NIO Implementation Version 3.3.6.Final
2017-04-26 14:18:48.553  WARN 18000 --- [main] io.undertow.websockets.jsr               : UT026009: XNIO worker was not set on WebSocketDeploymentInfo, the default worker will be used
2017-04-26 14:18:48.553  WARN 18000 --- [main] io.undertow.websockets.jsr               : UT026010: Buffer pool was not set on WebSocketDeploymentInfo, the default pool will be used
2017-04-26 14:18:48.619  INFO 18000 --- [main] io.undertow.servlet                      : Initializing Spring embedded WebApplicationContext
2017-04-26 14:18:48.635  INFO 18000 --- [main] o.s.web.context.ContextLoader            : Root WebApplicationContext: initialization completed in 2520 ms
2017-04-26 14:18:48.797  INFO 18000 --- [main] o.s.b.w.servlet.ServletRegistrationBean  : Mapping servlet: 'dispatcherServlet' to [/]
2017-04-26 14:18:48.805  INFO 18000 --- [main] o.s.b.w.servlet.FilterRegistrationBean   : Mapping filter: 'characterEncodingFilter' to: [/*]
2017-04-26 14:18:48.807  INFO 18000 --- [main] o.s.b.w.servlet.FilterRegistrationBean   : Mapping filter: 'hiddenHttpMethodFilter' to: [/*]
2017-04-26 14:18:48.807  INFO 18000 --- [main] o.s.b.w.servlet.FilterRegistrationBean   : Mapping filter: 'httpPutFormContentFilter' to: [/*]
2017-04-26 14:18:48.807  INFO 18000 --- [main] o.s.b.w.servlet.FilterRegistrationBean   : Mapping filter: 'requestContextFilter' to: [/*]
2017-04-26 14:18:49.743  INFO 18000 --- [main] s.w.s.m.m.a.RequestMappingHandlerAdapter : Looking for @ControllerAdvice: org.springframework.boot.context.embedded.AnnotationConfigEmbeddedWebApplicationContext@641147d0: startup date [Wed Apr 26 14:18:46 CST 2017]; root of context hierarchy
2017-04-26 14:18:49.871  INFO 18000 --- [main] s.w.s.m.m.a.RequestMappingHandlerMapping : Mapped "{[/]}" onto public java.lang.String com.cmcc.controller.HttpController.returnByHttp2()
2017-04-26 14:18:49.880  INFO 18000 --- [main] s.w.s.m.m.a.RequestMappingHandlerMapping : Mapped "{[/error]}" onto public org.springframework.http.ResponseEntity<java.util.Map<java.lang.String, java.lang.Object>> org.springframework.boot.autoconfigure.web.BasicErrorController.error(javax.servlet.http.HttpServletRequest)
2017-04-26 14:18:49.881  INFO 18000 --- [main] s.w.s.m.m.a.RequestMappingHandlerMapping : Mapped "{[/error],produces=[text/html]}" onto public org.springframework.web.servlet.ModelAndView org.springframework.boot.autoconfigure.web.BasicErrorController.errorHtml(javax.servlet.http.HttpServletRequest,javax.servlet.http.HttpServletResponse)
2017-04-26 14:18:49.939  INFO 18000 --- [main] o.s.w.s.handler.SimpleUrlHandlerMapping  : Mapped URL path [/webjars/**] onto handler of type [class org.springframework.web.servlet.resource.ResourceHttpRequestHandler]
2017-04-26 14:18:49.940  INFO 18000 --- [main] o.s.w.s.handler.SimpleUrlHandlerMapping  : Mapped URL path [/**] onto handler of type [class org.springframework.web.servlet.resource.ResourceHttpRequestHandler]
2017-04-26 14:18:50.071  INFO 18000 --- [main] o.s.w.s.handler.SimpleUrlHandlerMapping  : Mapped URL path [/**/favicon.ico] onto handler of type [class org.springframework.web.servlet.resource.ResourceHttpRequestHandler]
2017-04-26 14:18:50.345  INFO 18000 --- [main] o.s.j.e.a.AnnotationMBeanExporter        : Registering beans for JMX exposure on startup
2017-04-26 14:18:50.501  INFO 18000 --- [main] b.c.e.u.UndertowEmbeddedServletContainer : Undertow started on port(s) 8443 (https)
2017-04-26 14:18:50.509  INFO 18000 --- [main] com.cmcc.App                             : Started App in 5.216 seconds (JVM running for 6.111)
2017-04-26 14:19:01.592  INFO 18000 --- [XNIO-2 task-5] io.undertow.servlet                      : Initializing Spring FrameworkServlet 'dispatcherServlet'
2017-04-26 14:19:01.593  INFO 18000 --- [XNIO-2 task-5] o.s.web.servlet.DispatcherServlet        : FrameworkServlet 'dispatcherServlet': initialization started
2017-04-26 14:19:01.616  INFO 18000 --- [XNIO-2 task-5] o.s.web.servlet.DispatcherServlet        : FrameworkServlet 'dispatcherServlet': initialization completed in 22 ms
2017-04-26 14:19:25.945  INFO 18000 --- [Thread-2] ationConfigEmbeddedWebApplicationContext : Closing org.springframework.boot.context.embedded.AnnotationConfigEmbeddedWebApplicationContext@641147d0: startup date [Wed Apr 26 14:18:46 CST 2017]; root of context hierarchy
2017-04-26 14:19:25.953  INFO 18000 --- [Thread-2] o.s.j.e.a.AnnotationMBeanExporter        : Unregistering JMX-exposed beans on shutdown
2017-04-26 14:19:25.959  INFO 18000 --- [Thread-2] io.undertow.servlet                      : Destroying Spring FrameworkServlet 'dispatcherServlet'
2017-04-26 14:19:29.128  INFO 18043 --- [main] com.cmcc.App                             : Starting App on zmccdeMacBook-Pro.local with PID 18043 (/Users/zmcc/git/spring/http2/target/classes started by zmcc in /Users/zmcc/git/spring)
2017-04-26 14:19:29.134  INFO 18043 --- [main] com.cmcc.App                             : No active profile set, falling back to default profiles: default
2017-04-26 14:19:29.237  INFO 18043 --- [main] ationConfigEmbeddedWebApplicationContext : Refreshing org.springframework.boot.context.embedded.AnnotationConfigEmbeddedWebApplicationContext@641147d0: startup date [Wed Apr 26 14:19:29 CST 2017]; root of context hierarchy
2017-04-26 14:19:31.233  INFO 18043 --- [main] org.xnio                                 : XNIO version 3.3.6.Final
2017-04-26 14:19:31.248  INFO 18043 --- [main] org.xnio.nio                             : XNIO NIO Implementation Version 3.3.6.Final
2017-04-26 14:19:31.342  WARN 18043 --- [main] io.undertow.websockets.jsr               : UT026009: XNIO worker was not set on WebSocketDeploymentInfo, the default worker will be used
2017-04-26 14:19:31.342  WARN 18043 --- [main] io.undertow.websockets.jsr               : UT026010: Buffer pool was not set on WebSocketDeploymentInfo, the default pool will be used
2017-04-26 14:19:31.363  INFO 18043 --- [main] io.undertow.servlet                      : Initializing Spring embedded WebApplicationContext
2017-04-26 14:19:31.369  INFO 18043 --- [main] o.s.web.context.ContextLoader            : Root WebApplicationContext: initialization completed in 2137 ms
2017-04-26 14:19:31.524  INFO 18043 --- [main] o.s.b.w.servlet.ServletRegistrationBean  : Mapping servlet: 'dispatcherServlet' to [/]
2017-04-26 14:19:31.529  INFO 18043 --- [main] o.s.b.w.servlet.FilterRegistrationBean   : Mapping filter: 'characterEncodingFilter' to: [/*]
2017-04-26 14:19:31.530  INFO 18043 --- [main] o.s.b.w.servlet.FilterRegistrationBean   : Mapping filter: 'hiddenHttpMethodFilter' to: [/*]
2017-04-26 14:19:31.530  INFO 18043 --- [main] o.s.b.w.servlet.FilterRegistrationBean   : Mapping filter: 'httpPutFormContentFilter' to: [/*]
2017-04-26 14:19:31.530  INFO 18043 --- [main] o.s.b.w.servlet.FilterRegistrationBean   : Mapping filter: 'requestContextFilter' to: [/*]
2017-04-26 14:19:31.530  INFO 18043 --- [main] o.s.b.w.servlet.FilterRegistrationBean   : Mapping filter: 'testFilter' to: [/*]
2017-04-26 14:19:32.225  INFO 18043 --- [main] s.w.s.m.m.a.RequestMappingHandlerAdapter : Looking for @ControllerAdvice: org.springframework.boot.context.embedded.AnnotationConfigEmbeddedWebApplicationContext@641147d0: startup date [Wed Apr 26 14:19:29 CST 2017]; root of context hierarchy
2017-04-26 14:19:32.365  INFO 18043 --- [main] s.w.s.m.m.a.RequestMappingHandlerMapping : Mapped "{[/]}" onto public java.lang.String com.cmcc.controller.HttpController.returnByHttp2()
2017-04-26 14:19:32.378  INFO 18043 --- [main] s.w.s.m.m.a.RequestMappingHandlerMapping : Mapped "{[/error]}" onto public org.springframework.http.ResponseEntity<java.util.Map<java.lang.String, java.lang.Object>> org.springframework.boot.autoconfigure.web.BasicErrorController.error(javax.servlet.http.HttpServletRequest)
2017-04-26 14:19:32.378  INFO 18043 --- [main] s.w.s.m.m.a.RequestMappingHandlerMapping : Mapped "{[/error],produces=[text/html]}" onto public org.springframework.web.servlet.ModelAndView org.springframework.boot.autoconfigure.web.BasicErrorController.errorHtml(javax.servlet.http.HttpServletRequest,javax.servlet.http.HttpServletResponse)
2017-04-26 14:19:32.431  INFO 18043 --- [main] o.s.w.s.handler.SimpleUrlHandlerMapping  : Mapped URL path [/webjars/**] onto handler of type [class org.springframework.web.servlet.resource.ResourceHttpRequestHandler]
2017-04-26 14:19:32.431  INFO 18043 --- [main] o.s.w.s.handler.SimpleUrlHandlerMapping  : Mapped URL path [/**] onto handler of type [class org.springframework.web.servlet.resource.ResourceHttpRequestHandler]
2017-04-26 14:19:32.498  INFO 18043 --- [main] o.s.w.s.handler.SimpleUrlHandlerMapping  : Mapped URL path [/**/favicon.ico] onto handler of type [class org.springframework.web.servlet.resource.ResourceHttpRequestHandler]
2017-04-26 14:19:32.782  INFO 18043 --- [main] o.s.j.e.a.AnnotationMBeanExporter        : Registering beans for JMX exposure on startup
2017-04-26 14:19:32.928  INFO 18043 --- [main] b.c.e.u.UndertowEmbeddedServletContainer : Undertow started on port(s) 8443 (https)
2017-04-26 14:19:32.934  INFO 18043 --- [main] com.cmcc.App                             : Started App in 4.504 seconds (JVM running for 5.138)
2017-04-26 14:19:40.019  INFO 18043 --- [XNIO-2 task-3] io.undertow.servlet                      : Initializing Spring FrameworkServlet 'dispatcherServlet'
2017-04-26 14:19:40.020  INFO 18043 --- [XNIO-2 task-3] o.s.web.servlet.DispatcherServlet        : FrameworkServlet 'dispatcherServlet': initialization started
2017-04-26 14:19:40.040  INFO 18043 --- [XNIO-2 task-3] o.s.web.servlet.DispatcherServlet        : FrameworkServlet 'dispatcherServlet': initialization completed in 20 ms
2017-04-26 14:22:32.611  INFO 18043 --- [Thread-2] ationConfigEmbeddedWebApplicationContext : Closing org.springframework.boot.context.embedded.AnnotationConfigEmbeddedWebApplicationContext@641147d0: startup date [Wed Apr 26 14:19:29 CST 2017]; root of context hierarchy
2017-04-26 14:22:32.624  INFO 18043 --- [Thread-2] o.s.j.e.a.AnnotationMBeanExporter        : Unregistering JMX-exposed beans on shutdown
2017-04-26 14:22:32.629  INFO 18043 --- [Thread-2] io.undertow.servlet                      : Destroying Spring FrameworkServlet 'dispatcherServlet'
2017-04-26 14:22:36.074  INFO 18192 --- [main] com.cmcc.App                             : Starting App on zmccdeMacBook-Pro.local with PID 18192 (/Users/zmcc/git/spring/http2/target/classes started by zmcc in /Users/zmcc/git/spring)
2017-04-26 14:22:36.078  INFO 18192 --- [main] com.cmcc.App                             : No active profile set, falling back to default profiles: default
2017-04-26 14:22:36.193  INFO 18192 --- [main] ationConfigEmbeddedWebApplicationContext : Refreshing org.springframework.boot.context.embedded.AnnotationConfigEmbeddedWebApplicationContext@641147d0: startup date [Wed Apr 26 14:22:36 CST 2017]; root of context hierarchy
2017-04-26 14:22:38.179  INFO 18192 --- [main] org.xnio                                 : XNIO version 3.3.6.Final
2017-04-26 14:22:38.193  INFO 18192 --- [main] org.xnio.nio                             : XNIO NIO Implementation Version 3.3.6.Final
2017-04-26 14:22:38.278  WARN 18192 --- [main] io.undertow.websockets.jsr               : UT026009: XNIO worker was not set on WebSocketDeploymentInfo, the default worker will be used
2017-04-26 14:22:38.278  WARN 18192 --- [main] io.undertow.websockets.jsr               : UT026010: Buffer pool was not set on WebSocketDeploymentInfo, the default pool will be used
2017-04-26 14:22:38.302  INFO 18192 --- [main] io.undertow.servlet                      : Initializing Spring embedded WebApplicationContext
2017-04-26 14:22:38.302  INFO 18192 --- [main] o.s.web.context.ContextLoader            : Root WebApplicationContext: initialization completed in 2115 ms
2017-04-26 14:22:38.479  INFO 18192 --- [main] o.s.b.w.servlet.ServletRegistrationBean  : Mapping servlet: 'dispatcherServlet' to [/]
2017-04-26 14:22:38.486  INFO 18192 --- [main] o.s.b.w.servlet.FilterRegistrationBean   : Mapping filter: 'characterEncodingFilter' to: [/*]
2017-04-26 14:22:38.487  INFO 18192 --- [main] o.s.b.w.servlet.FilterRegistrationBean   : Mapping filter: 'hiddenHttpMethodFilter' to: [/*]
2017-04-26 14:22:38.488  INFO 18192 --- [main] o.s.b.w.servlet.FilterRegistrationBean   : Mapping filter: 'httpPutFormContentFilter' to: [/*]
2017-04-26 14:22:38.488  INFO 18192 --- [main] o.s.b.w.servlet.FilterRegistrationBean   : Mapping filter: 'requestContextFilter' to: [/*]
2017-04-26 14:22:38.488  INFO 18192 --- [main] o.s.b.w.servlet.FilterRegistrationBean   : Mapping filter: 'testFilter' to: [/*]
2017-04-26 14:22:39.274  INFO 18192 --- [main] s.w.s.m.m.a.RequestMappingHandlerAdapter : Looking for @ControllerAdvice: org.springframework.boot.context.embedded.AnnotationConfigEmbeddedWebApplicationContext@641147d0: startup date [Wed Apr 26 14:22:36 CST 2017]; root of context hierarchy
2017-04-26 14:22:39.428  INFO 18192 --- [main] s.w.s.m.m.a.RequestMappingHandlerMapping : Mapped "{[/]}" onto public java.lang.String com.cmcc.controller.HttpController.returnByHttp2()
2017-04-26 14:22:39.432  INFO 18192 --- [main] s.w.s.m.m.a.RequestMappingHandlerMapping : Mapped "{[/error]}" onto public org.springframework.http.ResponseEntity<java.util.Map<java.lang.String, java.lang.Object>> org.springframework.boot.autoconfigure.web.BasicErrorController.error(javax.servlet.http.HttpServletRequest)
2017-04-26 14:22:39.435  INFO 18192 --- [main] s.w.s.m.m.a.RequestMappingHandlerMapping : Mapped "{[/error],produces=[text/html]}" onto public org.springframework.web.servlet.ModelAndView org.springframework.boot.autoconfigure.web.BasicErrorController.errorHtml(javax.servlet.http.HttpServletRequest,javax.servlet.http.HttpServletResponse)
2017-04-26 14:22:39.479  INFO 18192 --- [main] o.s.w.s.handler.SimpleUrlHandlerMapping  : Mapped URL path [/webjars/**] onto handler of type [class org.springframework.web.servlet.resource.ResourceHttpRequestHandler]
2017-04-26 14:22:39.479  INFO 18192 --- [main] o.s.w.s.handler.SimpleUrlHandlerMapping  : Mapped URL path [/**] onto handler of type [class org.springframework.web.servlet.resource.ResourceHttpRequestHandler]
2017-04-26 14:22:39.557  INFO 18192 --- [main] o.s.w.s.handler.SimpleUrlHandlerMapping  : Mapped URL path [/**/favicon.ico] onto handler of type [class org.springframework.web.servlet.resource.ResourceHttpRequestHandler]
2017-04-26 14:22:39.818  INFO 18192 --- [main] o.s.j.e.a.AnnotationMBeanExporter        : Registering beans for JMX exposure on startup
2017-04-26 14:22:39.922  INFO 18192 --- [main] b.c.e.u.UndertowEmbeddedServletContainer : Undertow started on port(s) 8443 (https)
2017-04-26 14:22:39.928  INFO 18192 --- [main] com.cmcc.App                             : Started App in 4.537 seconds (JVM running for 5.133)
2017-04-26 14:22:48.989  INFO 18192 --- [XNIO-2 task-3] io.undertow.servlet                      : Initializing Spring FrameworkServlet 'dispatcherServlet'
2017-04-26 14:22:48.990  INFO 18192 --- [XNIO-2 task-3] o.s.web.servlet.DispatcherServlet        : FrameworkServlet 'dispatcherServlet': initialization started
2017-04-26 14:22:49.003  INFO 18192 --- [XNIO-2 task-3] o.s.web.servlet.DispatcherServlet        : FrameworkServlet 'dispatcherServlet': initialization completed in 13 ms
